<?xml version="1.0" encoding="UTF-8"?>
<!-- Generated by org.testng.reporters.JUnitXMLReporter -->
<testsuite hostname="LAPTOP-G33HDGNE" ignored="0" name="Test" tests="3" failures="1" timestamp="08 Jan 2022 15:00:59 GMT" time="146.317" errors="0">
  <testcase name="testcase6" time="145.259" classname="org.testing.TestCases.GetAll"/>
  <testcase name="testcase9" time="1.04" classname="org.testing.TestCases.GetOne"/>
  <testcase name="testcase7" time="0.0" classname="org.testing.TestCases.Post">
    <failure type="org.json.JSONException" message="Expected a &amp;apos;,&amp;apos; or &amp;apos;}&amp;apos; at 21 [character 14 line 4]">
      <![CDATA[org.json.JSONException: Expected a ',' or '}' at 21 [character 14 line 4]
	at org.json.JSONTokener.syntaxError(JSONTokener.java:507)
	at org.json.JSONObject.<init>(JSONObject.java:271)
	at org.testing.Resources.LoadFileJSON.JsonLoading(LoadFileJSON.java:16)
	at org.testing.TestCases.Post.testcase7(Post.java:23)
... Removed 25 stack frames]]>
    </failure>
  </testcase> <!-- testcase7 -->
</testsuite> <!-- Test -->
